# JRE version: Java(TM) SE Runtime Environment (8.0_121-b13) (build 1.8.0_121-b13)
# Java VM: Java HotSpot(TM) 64-Bit Server VM (25.121-b13 mixed mode windows-amd64 compressed oops)
Heap:
 PSYoungGen      total 140288K, used 18987K [0x00000000d6000000, 0x00000000df700000, 0x0000000100000000)
  eden space 129024K, 6% used [0x00000000d6000000,0x00000000d6798140,0x00000000dde00000)
  from space 11264K, 99% used [0x00000000dea00000,0x00000000df4f2df8,0x00000000df500000)
  to   space 12288K, 0% used [0x00000000dde00000,0x00000000dde00000,0x00000000dea00000)
 ParOldGen       total 86016K, used 12224K [0x0000000082000000, 0x0000000087400000, 0x00000000d6000000)
  object space 86016K, 14% used [0x0000000082000000,0x0000000082bf03f8,0x0000000087400000)
 Metaspace       used 19396K, capacity 20044K, committed 20224K, reserved 1067008K
  class space    used 2244K, capacity 2452K, committed 2560K, reserved 1048576K
GC Heap History (10 events):
Event: 4.855 GC heap before
{Heap before GC invocations=4 (full 0):
 PSYoungGen      total 37888K, used 37862K [0x00000000d6000000, 0x00000000d8a00000, 0x0000000100000000)
  eden space 32768K, 100% used [0x00000000d6000000,0x00000000d8000000,0x00000000d8000000)
  from space 5120K, 99% used [0x00000000d8000000,0x00000000d84f9840,0x00000000d8500000)
  to   space 5120K, 0% used [0x00000000d8500000,0x00000000d8500000,0x00000000d8a00000)
 ParOldGen       total 86016K, used 3409K [0x0000000082000000, 0x0000000087400000, 0x00000000d6000000)
  object space 86016K, 3% used [0x0000000082000000,0x0000000082354618,0x0000000087400000)
 Metaspace       used 16142K, capacity 16364K, committed 16640K, reserved 1064960K
  class space    used 1924K, capacity 2007K, committed 2048K, reserved 1048576K
Event: 4.869 GC heap after
Heap after GC invocations=4 (full 0):
 PSYoungGen      total 37888K, used 5088K [0x00000000d6000000, 0x00000000daa00000, 0x0000000100000000)
  eden space 32768K, 0% used [0x00000000d6000000,0x00000000d6000000,0x00000000d8000000)
  from space 5120K, 99% used [0x00000000d8500000,0x00000000d89f8020,0x00000000d8a00000)
  to   space 5120K, 0% used [0x00000000d8000000,0x00000000d8000000,0x00000000d8500000)
 ParOldGen       total 86016K, used 5716K [0x0000000082000000, 0x0000000087400000, 0x00000000d6000000)
  object space 86016K, 6% used [0x0000000082000000,0x0000000082595248,0x0000000087400000)
 Metaspace       used 16142K, capacity 16364K, committed 16640K, reserved 1064960K
  class space    used 1924K, capacity 2007K, committed 2048K, reserved 1048576K
}
Event: 5.599 GC heap before
{Heap before GC invocations=5 (full 0):
 PSYoungGen      total 37888K, used 37856K [0x00000000d6000000, 0x00000000daa00000, 0x0000000100000000)
  eden space 32768K, 100% used [0x00000000d6000000,0x00000000d8000000,0x00000000d8000000)
  from space 5120K, 99% used [0x00000000d8500000,0x00000000d89f8020,0x00000000d8a00000)
  to   space 5120K, 0% used [0x00000000d8000000,0x00000000d8000000,0x00000000d8500000)
 ParOldGen       total 86016K, used 5716K [0x0000000082000000, 0x0000000087400000, 0x00000000d6000000)
  object space 86016K, 6% used [0x0000000082000000,0x0000000082595248,0x0000000087400000)
 Metaspace       used 16461K, capacity 16714K, committed 16896K, reserved 1064960K
  class space    used 1928K, capacity 2012K, committed 2048K, reserved 1048576K
Event: 5.618 GC heap after
Heap after GC invocations=5 (full 0):
 PSYoungGen      total 37888K, used 5088K [0x00000000d6000000, 0x00000000db100000, 0x0000000100000000)
  eden space 32768K, 0% used [0x00000000d6000000,0x00000000d6000000,0x00000000d8000000)
  from space 5120K, 99% used [0x00000000d8000000,0x00000000d84f8020,0x00000000d8500000)
  to   space 8704K, 0% used [0x00000000da880000,0x00000000da880000,0x00000000db100000)
 ParOldGen       total 86016K, used 7889K [0x0000000082000000, 0x0000000087400000, 0x00000000d6000000)
  object space 86016K, 9% used [0x0000000082000000,0x00000000827b45b8,0x0000000087400000)
 Metaspace       used 16461K, capacity 16714K, committed 16896K, reserved 1064960K
  class space    used 1928K, capacity 2012K, committed 2048K, reserved 1048576K
}
Event: 6.433 GC heap before
{Heap before GC invocations=6 (full 0):
 PSYoungGen      total 37888K, used 37856K [0x00000000d6000000, 0x00000000db100000, 0x0000000100000000)
  eden space 32768K, 100% used [0x00000000d6000000,0x00000000d8000000,0x00000000d8000000)
  from space 5120K, 99% used [0x00000000d8000000,0x00000000d84f8020,0x00000000d8500000)
  to   space 8704K, 0% used [0x00000000da880000,0x00000000da880000,0x00000000db100000)
 ParOldGen       total 86016K, used 7889K [0x0000000082000000, 0x0000000087400000, 0x00000000d6000000)
  object space 86016K, 9% used [0x0000000082000000,0x00000000827b45b8,0x0000000087400000)
 Metaspace       used 16777K, capacity 17158K, committed 17408K, reserved 1064960K
  class space    used 1946K, capacity 2048K, committed 2048K, reserved 1048576K
Event: 6.463 GC heap after
Heap after GC invocations=6 (full 0):
 PSYoungGen      total 73728K, used 7904K [0x00000000d6000000, 0x00000000db200000, 0x0000000100000000)
  eden space 65024K, 0% used [0x00000000d6000000,0x00000000d6000000,0x00000000d9f80000)
  from space 8704K, 90% used [0x00000000da880000,0x00000000db038270,0x00000000db100000)
  to   space 9216K, 0% used [0x00000000d9f80000,0x00000000d9f80000,0x00000000da880000)
 ParOldGen       total 86016K, used 7897K [0x0000000082000000, 0x0000000087400000, 0x00000000d6000000)
  object space 86016K, 9% used [0x0000000082000000,0x00000000827b65b8,0x0000000087400000)
 Metaspace       used 16777K, capacity 17158K, committed 17408K, reserved 1064960K
  class space    used 1946K, capacity 2048K, committed 2048K, reserved 1048576K
}
Event: 8.679 GC heap before
{Heap before GC invocations=7 (full 0):
 PSYoungGen      total 73728K, used 72928K [0x00000000d6000000, 0x00000000db200000, 0x0000000100000000)
  eden space 65024K, 100% used [0x00000000d6000000,0x00000000d9f80000,0x00000000d9f80000)
  from space 8704K, 90% used [0x00000000da880000,0x00000000db038270,0x00000000db100000)
  to   space 9216K, 0% used [0x00000000d9f80000,0x00000000d9f80000,0x00000000da880000)
 ParOldGen       total 86016K, used 7897K [0x0000000082000000, 0x0000000087400000, 0x00000000d6000000)
  object space 86016K, 9% used [0x0000000082000000,0x00000000827b65b8,0x0000000087400000)
 Metaspace       used 17530K, capacity 17918K, committed 18304K, reserved 1064960K
  class space    used 2010K, capacity 2088K, committed 2176K, reserved 1048576K
Event: 8.704 GC heap after
Heap after GC invocations=7 (full 0):
 PSYoungGen      total 74240K, used 9200K [0x00000000d6000000, 0x00000000df500000, 0x0000000100000000)
  eden space 65024K, 0% used [0x00000000d6000000,0x00000000d6000000,0x00000000d9f80000)
  from space 9216K, 99% used [0x00000000d9f80000,0x00000000da87c010,0x00000000da880000)
  to   space 11264K, 0% used [0x00000000dea00000,0x00000000dea00000,0x00000000df500000)
 ParOldGen       total 86016K, used 10038K [0x0000000082000000, 0x0000000087400000, 0x00000000d6000000)
  object space 86016K, 11% used [0x0000000082000000,0x00000000829cdbc8,0x0000000087400000)
 Metaspace       used 17530K, capacity 17918K, committed 18304K, reserved 1064960K
  class space    used 2010K, capacity 2088K, committed 2176K, reserved 1048576K
}
Event: 11.145 GC heap before
{Heap before GC invocations=8 (full 0):
 PSYoungGen      total 74240K, used 74224K [0x00000000d6000000, 0x00000000df500000, 0x0000000100000000)
  eden space 65024K, 100% used [0x00000000d6000000,0x00000000d9f80000,0x00000000d9f80000)
  from space 9216K, 99% used [0x00000000d9f80000,0x00000000da87c010,0x00000000da880000)
  to   space 11264K, 0% used [0x00000000dea00000,0x00000000dea00000,0x00000000df500000)
 ParOldGen       total 86016K, used 10038K [0x0000000082000000, 0x0000000087400000, 0x00000000d6000000)
  object space 86016K, 11% used [0x0000000082000000,0x00000000829cdbc8,0x0000000087400000)
 Metaspace       used 19183K, capacity 19700K, committed 19840K, reserved 1067008K
  class space    used 2218K, capacity 2380K, committed 2432K, reserved 1048576K
Event: 11.171 GC heap after
Heap after GC invocations=8 (full 0):
 PSYoungGen      total 140288K, used 11211K [0x00000000d6000000, 0x00000000df700000, 0x0000000100000000)
  eden space 129024K, 0% used [0x00000000d6000000,0x00000000d6000000,0x00000000dde00000)
  from space 11264K, 99% used [0x00000000dea00000,0x00000000df4f2df8,0x00000000df500000)
  to   space 12288K, 0% used [0x00000000dde00000,0x00000000dde00000,0x00000000dea00000)
 ParOldGen       total 86016K, used 12224K [0x0000000082000000, 0x0000000087400000, 0x00000000d6000000)
  object space 86016K, 14% used [0x0000000082000000,0x0000000082bf03f8,0x0000000087400000)
 Metaspace       used 19183K, capacity 19700K, committed 19840K, reserved 1067008K
  class space    used 2218K, capacity 2380K, committed 2432K, reserved 1048576K
}

